<?xml version="1.0" encoding="UTF-8"?>
<!-- Generated by org.testng.reporters.JUnitXMLReporter -->
<testsuite ignored="19" hostname="DESKTOP-N925Q0D" failures="0" tests="0" time="0.022" errors="0" timestamp="2023-05-30T10:53:53 IST">
  <testcase classname="stellerBank_generic.BaseclassUtility" name="@BeforeSuite connectToDatabase" time="0.0">
    <ignored/>
  </testcase> <!-- @BeforeSuite connectToDatabase -->
  <testcase classname="stellerBank_generic.BaseclassUtility" name="@BeforeSuite connectToDatabase" time="0.0">
    <ignored/>
  </testcase> <!-- @BeforeSuite connectToDatabase -->
  <testcase classname="stellerBank_generic.BaseclassUtility" name="@BeforeSuite connectToDatabase" time="0.0">
    <ignored/>
  </testcase> <!-- @BeforeSuite connectToDatabase -->
  <testcase classname="stellerBank_generic.BaseclassUtility" name="@BeforeSuite connectToDatabase" time="0.0">
    <ignored/>
  </testcase> <!-- @BeforeSuite connectToDatabase -->
  <testcase classname="stellerBank_generic.BaseclassUtility" name="@BeforeSuite connectToDatabase" time="0.0">
    <ignored/>
  </testcase> <!-- @BeforeSuite connectToDatabase -->
  <testcase classname="stellerBank_generic.BaseclassUtility" name="@BeforeSuite connectToDatabase" time="0.0">
    <ignored/>
  </testcase> <!-- @BeforeSuite connectToDatabase -->
  <testcase classname="com.Banking.StellerBank.User.Change_password_Test" name="Change_password_Module" time="0.0">
    <ignored/>
  </testcase> <!-- Change_password_Module -->
  <testcase classname="com.Banking.StellerBank.User.Open_Account_Test" name="Open_Account_Module" time="0.0">
    <ignored/>
  </testcase> <!-- Open_Account_Module -->
  <testcase classname="stellerBank_generic.BaseclassUtility" name="@BeforeSuite disconnectFromDatabase" time="0.0">
    <ignored/>
  </testcase> <!-- @BeforeSuite disconnectFromDatabase -->
  <testcase classname="stellerBank_generic.BaseclassUtility" name="@BeforeSuite disconnectFromDatabase" time="0.0">
    <ignored/>
  </testcase> <!-- @BeforeSuite disconnectFromDatabase -->
  <testcase classname="stellerBank_generic.BaseclassUtility" name="@BeforeSuite disconnectFromDatabase" time="0.0">
    <ignored/>
  </testcase> <!-- @BeforeSuite disconnectFromDatabase -->
  <testcase classname="stellerBank_generic.BaseclassUtility" name="@BeforeSuite disconnectFromDatabase" time="0.0">
    <ignored/>
  </testcase> <!-- @BeforeSuite disconnectFromDatabase -->
  <testcase classname="stellerBank_generic.BaseclassUtility" name="@BeforeSuite disconnectFromDatabase" time="0.0">
    <ignored/>
  </testcase> <!-- @BeforeSuite disconnectFromDatabase -->
  <testcase classname="stellerBank_generic.BaseclassUtility" name="@BeforeSuite disconnectFromDatabase" time="0.0">
    <ignored/>
  </testcase> <!-- @BeforeSuite disconnectFromDatabase -->
  <testcase classname="com.Banking.StellerBank.Staff.Credit_customer_Test" name="Credit_Customer_Module" time="0.0">
    <ignored/>
  </testcase> <!-- Credit_Customer_Module -->
  <testcase classname="com.Banking.StellerBank.User.Apply_Debit_Card_Test" name="apply_Debit_Card" time="0.0">
    <ignored/>
  </testcase> <!-- apply_Debit_Card -->
  <testcase classname="com.Banking.StellerBank.Staff.View_Customer_Details_by_Accont_no_Test" name="View_Customer_Details_by_Account_no_Module" time="0.0">
    <ignored/>
  </testcase> <!-- View_Customer_Details_by_Account_no_Module -->
  <testcase classname="com.Banking.StellerBank.User.Fund_Transfer_Test" name="Fund_Transfer_Module" time="0.0">
    <ignored/>
  </testcase> <!-- Fund_Transfer_Module -->
  <testcase classname="com.Banking.StellerBank.Staff.Approve_account_Test" name="approve_Account_Module" time="0.0">
    <ignored/>
  </testcase> <!-- approve_Account_Module -->
</testsuite>
